<?xml version="1.0" encoding="UTF-8"?>
<!-- Generated by org.testng.reporters.JUnitReportReporter -->
<testsuite hostname="PT269LT" failures="0" tests="21" name="newweb.vectortestcase" time="53.065" errors="1" timestamp="2024-06-06T18:51:16 IST" skipped="0">
  <testcase classname="newweb.vectortestcase" name="locateSupportRequestSubmissionOption" time="1.258">
    <error message="invalid argument
  (Session info: chrome=125.0.6422.142)
Build info: version: &#039;4.21.0&#039;, revision: &#039;79ed462ef4&#039;
System info: os.name: &#039;Windows 10&#039;, os.arch: &#039;amd64&#039;, os.version: &#039;10.0&#039;, java.version: &#039;17.0.10&#039;
Driver info: org.openqa.selenium.chrome.ChromeDriver
Command: [75b21cdf4a1ea6a484467c00b53b954d, get {url=URL_OF_HELP_CENTER}]
Capabilities {acceptInsecureCerts: false, browserName: chrome, browserVersion: 125.0.6422.142, chrome: {chromedriverVersion: 125.0.6422.141 (4b1e8393712..., userDataDir: C:\Users\WAQAR~1.FAR\AppDat...}, fedcm:accounts: true, goog:chromeOptions: {debuggerAddress: localhost:60820}, networkConnectionEnabled: false, pageLoadStrategy: normal, platformName: windows, proxy: Proxy(), se:cdp: ws://localhost:60820/devtoo..., se:cdpVersion: 125.0.6422.142, setWindowRect: true, strictFileInteractability: false, timeouts: {implicit: 0, pageLoad: 300000, script: 30000}, unhandledPromptBehavior: dismiss and notify, webauthn:extension:credBlob: true, webauthn:extension:largeBlob: true, webauthn:extension:minPinLength: true, webauthn:extension:prf: true, webauthn:virtualAuthenticators: true}
Session ID: 75b21cdf4a1ea6a484467c00b53b954d" type="org.openqa.selenium.InvalidArgumentException">
      <![CDATA[org.openqa.selenium.InvalidArgumentException: invalid argument
  (Session info: chrome=125.0.6422.142)
Build info: version: '4.21.0', revision: '79ed462ef4'
System info: os.name: 'Windows 10', os.arch: 'amd64', os.version: '10.0', java.version: '17.0.10'
Driver info: org.openqa.selenium.chrome.ChromeDriver
Command: [75b21cdf4a1ea6a484467c00b53b954d, get {url=URL_OF_HELP_CENTER}]
Capabilities {acceptInsecureCerts: false, browserName: chrome, browserVersion: 125.0.6422.142, chrome: {chromedriverVersion: 125.0.6422.141 (4b1e8393712..., userDataDir: C:\Users\WAQAR~1.FAR\AppDat...}, fedcm:accounts: true, goog:chromeOptions: {debuggerAddress: localhost:60820}, networkConnectionEnabled: false, pageLoadStrategy: normal, platformName: windows, proxy: Proxy(), se:cdp: ws://localhost:60820/devtoo..., se:cdpVersion: 125.0.6422.142, setWindowRect: true, strictFileInteractability: false, timeouts: {implicit: 0, pageLoad: 300000, script: 30000}, unhandledPromptBehavior: dismiss and notify, webauthn:extension:credBlob: true, webauthn:extension:largeBlob: true, webauthn:extension:minPinLength: true, webauthn:extension:prf: true, webauthn:virtualAuthenticators: true}
Session ID: 75b21cdf4a1ea6a484467c00b53b954d
at java.base/jdk.internal.reflect.NativeConstructorAccessorImpl.newInstance0(Native Method)
at java.base/jdk.internal.reflect.NativeConstructorAccessorImpl.newInstance(NativeConstructorAccessorImpl.java:77)
at java.base/jdk.internal.reflect.DelegatingConstructorAccessorImpl.newInstance(DelegatingConstructorAccessorImpl.java:45)
at java.base/java.lang.reflect.Constructor.newInstanceWithCaller(Constructor.java:499)
at java.base/java.lang.reflect.Constructor.newInstance(Constructor.java:480)
at org.openqa.selenium.remote.ErrorCodec.decode(ErrorCodec.java:167)
at org.openqa.selenium.remote.codec.w3c.W3CHttpResponseCodec.decode(W3CHttpResponseCodec.java:138)
at org.openqa.selenium.remote.codec.w3c.W3CHttpResponseCodec.decode(W3CHttpResponseCodec.java:50)
at org.openqa.selenium.remote.HttpCommandExecutor.execute(HttpCommandExecutor.java:190)
at org.openqa.selenium.remote.service.DriverCommandExecutor.invokeExecute(DriverCommandExecutor.java:216)
at org.openqa.selenium.remote.service.DriverCommandExecutor.execute(DriverCommandExecutor.java:174)
at org.openqa.selenium.remote.RemoteWebDriver.execute(RemoteWebDriver.java:518)
at org.openqa.selenium.remote.RemoteWebDriver.get(RemoteWebDriver.java:300)
at newweb.vectortestcase.locateSupportRequestSubmissionOption(vectortestcase.java:415)
at java.base/jdk.internal.reflect.NativeMethodAccessorImpl.invoke0(Native Method)
at java.base/jdk.internal.reflect.NativeMethodAccessorImpl.invoke(NativeMethodAccessorImpl.java:77)
at java.base/jdk.internal.reflect.DelegatingMethodAccessorImpl.invoke(DelegatingMethodAccessorImpl.java:43)
at java.base/java.lang.reflect.Method.invoke(Method.java:568)
at org.testng.internal.MethodInvocationHelper.invokeMethod(MethodInvocationHelper.java:133)
at org.testng.internal.TestInvoker.invokeMethod(TestInvoker.java:598)
at org.testng.internal.TestInvoker.invokeTestMethod(TestInvoker.java:173)
at org.testng.internal.MethodRunner.runInSequence(MethodRunner.java:46)
at org.testng.internal.TestInvoker$MethodInvocationAgent.invoke(TestInvoker.java:824)
at org.testng.internal.TestInvoker.invokeTestMethods(TestInvoker.java:146)
at org.testng.internal.TestMethodWorker.invokeTestMethods(TestMethodWorker.java:146)
at org.testng.internal.TestMethodWorker.run(TestMethodWorker.java:128)
at java.base/java.util.ArrayList.forEach(ArrayList.java:1511)
at org.testng.TestRunner.privateRun(TestRunner.java:794)
at org.testng.TestRunner.run(TestRunner.java:596)
at org.testng.SuiteRunner.runTest(SuiteRunner.java:377)
at org.testng.SuiteRunner.runSequentially(SuiteRunner.java:371)
at org.testng.SuiteRunner.privateRun(SuiteRunner.java:332)
at org.testng.SuiteRunner.run(SuiteRunner.java:276)
at org.testng.SuiteRunnerWorker.runSuite(SuiteRunnerWorker.java:53)
at org.testng.SuiteRunnerWorker.run(SuiteRunnerWorker.java:96)
at org.testng.TestNG.runSuitesSequentially(TestNG.java:1212)
at org.testng.TestNG.runSuitesLocally(TestNG.java:1134)
at org.testng.TestNG.runSuites(TestNG.java:1063)
at org.testng.TestNG.run(TestNG.java:1031)
at org.testng.remote.AbstractRemoteTestNG.run(AbstractRemoteTestNG.java:115)
at org.testng.remote.RemoteTestNG.initAndRun(RemoteTestNG.java:251)
at org.testng.remote.RemoteTestNG.main(RemoteTestNG.java:77)
]]>
    </error>
  </testcase> <!-- locateSupportRequestSubmissionOption -->
  <system-out/>
  <testcase classname="newweb.vectortestcase" name="verifyLiveChatOptionOnCustomerSupportPage" time="1.338"/>
  <system-out/>
  <testcase classname="newweb.vectortestcase" name="trackSupportTicketStatus" time="1.249"/>
  <system-out/>
  <testcase classname="newweb.vectortestcase" name="navigateToHelpCenterPage" time="11.995"/>
  <system-out/>
  <testcase classname="newweb.vectortestcase" name="engageInConversationWithCustomerSupportAgent" time="1.216"/>
  <system-out/>
  <testcase classname="newweb.vectortestcase" name="verifyAccessToEmailAndPhoneSupportDetailsInHelpCenter" time="1.333"/>
  <system-out/>
  <testcase classname="newweb.vectortestcase" name="verifyHelpCenterContent" time="12.513"/>
  <system-out/>
  <testcase classname="newweb.vectortestcase" name="verifyCustomerSupportEmailAndPhoneNumberOnHelpCenterPage" time="1.324"/>
  <system-out/>
  <testcase classname="newweb.vectortestcase" name="waitForStatusChangeAndVerifyEmailUpdate" time="1.242"/>
  <system-out/>
  <testcase classname="newweb.vectortestcase" name="LaunchBrowser" time="2.168"/>
  <system-out/>
  <testcase classname="newweb.vectortestcase" name="retrieveSupportTicketStatus" time="1.370"/>
  <system-out/>
  <testcase classname="newweb.vectortestcase" name="enterGeneratedTicketNumber" time="1.185"/>
  <system-out/>
  <testcase classname="newweb.vectortestcase" name="navigateToCustomerSupportSection" time="1.178"/>
  <system-out/>
  <testcase classname="newweb.vectortestcase" name="verifyDisplayedStatusMatchesActualStatus" time="1.249"/>
  <system-out/>
  <testcase classname="newweb.vectortestcase" name="verifyVisibilityAndAccuracyOfSupportTicketStatus" time="1.227"/>
  <system-out/>
  <testcase classname="newweb.vectortestcase" name="initiateLiveChat" time="1.328"/>
  <system-out/>
  <testcase classname="newweb.vectortestcase" name="fillRequiredFieldsInSupportRequestForm" time="1.343"/>
  <system-out/>
  <testcase classname="newweb.vectortestcase" name="submitSupportRequestForm" time="1.475"/>
  <system-out/>
  <testcase classname="newweb.vectortestcase" name="verifyCustomerSupportEmailAndPhoneNumber" time="3.576"/>
  <system-out/>
  <testcase classname="newweb.vectortestcase" name="navigateToTrackSupportTicketSection" time="2.089"/>
  <system-out/>
  <testcase classname="newweb.vectortestcase" name="verifyReceiptOfEmailUpdatesChanges" time="1.409"/>
  <system-out/>
</testsuite> <!-- newweb.vectortestcase -->
